빌드 시작: 2017-04-12 오후 5:21:00
     1>2 노드의 "C:\Users\USER\Documents\Visual Studio 2013\Projects\BroadCast\LanServer\LanServer\LanServer.vcxproj" 프로젝트(Build 대상)입니다.
     1>ClCompile:
         C:\Program Files (x86)\Microsoft Visual Studio 12.0\VC\bin\x86_amd64\CL.exe /c /Zi /nologo /W3 /WX- /sdl /Od /D WIN32 /D _DEBUG /D _CONSOLE /D _LIB /D _UNICODE /D UNICODE /Gm /EHsc /RTC1 /MDd /GS /fp:precise /Zc:wchar_t /Zc:forScope /Fo"x64\Debug\\" /Fd"x64\Debug\vc120.pdb" /Gd /TP /errorReport:prompt LanServer.cpp LanServerTest.cpp main.cpp NPacket.cpp StreamQueue.cpp
         StreamQueue.cpp
         NPacket.cpp
     1>c:\users\user\documents\visual studio 2013\projects\broadcast\lanserver\lanserver\NPacket.h(171): warning C4244: 'return' : '__int64'에서 'const int'(으)로 변환하면서 데이터가 손실될 수 있습니다.
     1>NPacket.cpp(146): warning C4267: '인수' : 'size_t'에서 'int'(으)로 변환하면서 데이터가 손실될 수 있습니다.
     1>NPacket.cpp(210): warning C4267: '인수' : 'size_t'에서 'int'(으)로 변환하면서 데이터가 손실될 수 있습니다.
         main.cpp
     1>c:\users\user\documents\visual studio 2013\projects\broadcast\lanserver\lanserver\NPacket.h(171): warning C4244: 'return' : '__int64'에서 'const int'(으)로 변환하면서 데이터가 손실될 수 있습니다.
         LanServerTest.cpp
     1>c:\users\user\documents\visual studio 2013\projects\broadcast\lanserver\lanserver\NPacket.h(171): warning C4244: 'return' : '__int64'에서 'const int'(으)로 변환하면서 데이터가 손실될 수 있습니다.
         LanServer.cpp
     1>c:\users\user\documents\visual studio 2013\projects\broadcast\lanserver\lanserver\NPacket.h(171): warning C4244: 'return' : '__int64'에서 'const int'(으)로 변환하면서 데이터가 손실될 수 있습니다.
         코드를 생성하고 있습니다...
       Link:
         C:\Program Files (x86)\Microsoft Visual Studio 12.0\VC\bin\x86_amd64\link.exe /ERRORREPORT:PROMPT /OUT:"C:\Users\USER\Documents\Visual Studio 2013\Projects\BroadCast\LanServer\x64\Debug\LanServer.exe" /INCREMENTAL /NOLOGO kernel32.lib user32.lib gdi32.lib winspool.lib comdlg32.lib advapi32.lib shell32.lib ole32.lib oleaut32.lib uuid.lib odbc32.lib odbccp32.lib /MANIFEST /MANIFESTUAC:"level='asInvoker' uiAccess='false'" /manifest:embed /DEBUG /PDB:"C:\Users\USER\Documents\Visual Studio 2013\Projects\BroadCast\LanServer\x64\Debug\LanServer.pdb" /SUBSYSTEM:CONSOLE /TLBID:1 /DYNAMICBASE /NXCOMPAT /IMPLIB:"C:\Users\USER\Documents\Visual Studio 2013\Projects\BroadCast\LanServer\x64\Debug\LanServer.lib" /MACHINE:X64 x64\Debug\LanServer.obj
         x64\Debug\LanServerTest.obj
         x64\Debug\main.obj
         x64\Debug\NPacket.obj
         x64\Debug\StreamQueue.obj
         LanServer.vcxproj -> C:\Users\USER\Documents\Visual Studio 2013\Projects\BroadCast\LanServer\x64\Debug\LanServer.exe
     1>"C:\Users\USER\Documents\Visual Studio 2013\Projects\BroadCast\LanServer\LanServer\LanServer.vcxproj" 프로젝트를 빌드했습니다(Build 대상).

빌드했습니다.

경과 시간: 00:00:03.27
